INFO:root:BUY at 2455.91
INFO:root:Current Capital: 10000
2024-10-14 01:19:59,487 Applying moving_average strategy...
2024-10-14 01:19:59,496 BUY at 2457.3
2024-10-14 01:24:32,067 Applying moving_average strategy...
2024-10-14 01:24:32,073 BUY at 2455.93
2024-10-14 01:24:32,073 Current Capital: 10000
2024-10-14 01:25:32,179 Applying moving_average strategy...
2024-10-14 01:25:32,187 Current Capital: 10000
2024-10-14 01:26:32,296 Applying moving_average strategy...
2024-10-14 01:26:32,304 Current Capital: 10000
2024-10-14 01:27:32,408 Applying moving_average strategy...
2024-10-14 01:27:32,418 Current Capital: 10000
2024-10-14 01:28:32,515 Applying moving_average strategy...
2024-10-14 01:28:32,524 Current Capital: 10000
2024-10-14 01:29:32,625 Applying moving_average strategy...
2024-10-14 01:29:32,633 Current Capital: 10000
2024-10-14 01:30:32,736 Applying moving_average strategy...
2024-10-14 01:30:32,745 Current Capital: 10000
2024-10-14 01:31:32,850 Applying moving_average strategy...
2024-10-14 01:31:32,859 Current Capital: 10000
2024-10-14 01:32:32,972 Applying moving_average strategy...
2024-10-14 01:32:32,981 Current Capital: 10000
2024-10-14 01:33:33,092 Applying moving_average strategy...
2024-10-14 01:33:33,100 Current Capital: 10000
2024-10-14 01:34:33,207 Applying moving_average strategy...
2024-10-14 01:34:33,215 Current Capital: 10000
2024-10-14 01:35:33,309 Applying moving_average strategy...
2024-10-14 01:35:33,316 Current Capital: 10000
2024-10-14 01:36:33,423 Applying moving_average strategy...
2024-10-14 01:36:33,432 Current Capital: 10000
2024-10-14 01:37:33,537 Applying moving_average strategy...
2024-10-14 01:37:33,547 Current Capital: 10000
2024-10-14 01:38:33,650 Applying moving_average strategy...
2024-10-14 01:38:33,658 Current Capital: 10000
2024-10-14 01:39:33,761 Applying moving_average strategy...
2024-10-14 01:39:33,769 Current Capital: 10000
2024-10-14 01:40:33,875 Applying moving_average strategy...
2024-10-14 01:40:33,884 Current Capital: 10000
2024-10-14 01:41:33,984 Applying moving_average strategy...
2024-10-14 01:41:33,991 Current Capital: 10000
2024-10-14 01:42:34,100 Applying moving_average strategy...
2024-10-14 01:42:34,109 Current Capital: 10000
2024-10-14 01:43:34,207 Applying moving_average strategy...
2024-10-14 01:43:34,216 Current Capital: 10000
2024-10-14 01:44:34,323 Applying moving_average strategy...
2024-10-14 01:44:34,332 Current Capital: 10000
2024-10-14 01:45:34,434 Applying moving_average strategy...
2024-10-14 01:45:34,444 Current Capital: 10000
2024-10-14 01:46:34,550 Applying moving_average strategy...
2024-10-14 01:46:34,561 Current Capital: 10000
2024-10-14 01:47:34,664 Applying moving_average strategy...
2024-10-14 01:47:34,673 Current Capital: 10000
2024-10-14 01:48:34,766 Applying moving_average strategy...
2024-10-14 01:48:34,772 Current Capital: 10000
2024-10-14 01:49:34,889 Applying moving_average strategy...
2024-10-14 01:49:34,897 Current Capital: 10000
2024-10-14 01:50:35,005 Applying moving_average strategy...
2024-10-14 01:50:35,014 Current Capital: 10000
2024-10-14 01:51:35,128 Applying moving_average strategy...
2024-10-14 01:51:35,137 Current Capital: 10000
2024-10-14 01:52:35,249 Applying moving_average strategy...
2024-10-14 01:52:35,258 Current Capital: 10000
2024-10-14 01:53:35,356 Applying moving_average strategy...
2024-10-14 01:53:35,366 Current Capital: 10000
2024-10-14 01:54:35,457 Applying moving_average strategy...
2024-10-14 01:54:35,465 Current Capital: 10000
2024-10-14 01:55:35,569 Applying moving_average strategy...
2024-10-14 01:55:35,578 Current Capital: 10000
2024-10-14 01:56:35,676 Applying moving_average strategy...
2024-10-14 01:56:35,686 Current Capital: 10000
2024-10-14 01:57:35,793 Applying moving_average strategy...
2024-10-14 01:57:35,802 Current Capital: 10000
2024-10-14 01:58:35,908 Applying moving_average strategy...
2024-10-14 01:58:35,916 Current Capital: 10000
2024-10-14 01:59:36,015 Applying moving_average strategy...
2024-10-14 01:59:36,024 Current Capital: 10000
2024-10-14 02:00:36,125 Applying moving_average strategy...
2024-10-14 02:00:36,134 Current Capital: 10000
2024-10-14 02:01:36,241 Applying moving_average strategy...
2024-10-14 02:01:36,249 Current Capital: 10000
2024-10-14 02:02:36,356 Applying moving_average strategy...
2024-10-14 02:02:36,365 Current Capital: 10000
